<?xml version="1.0" encoding="UTF-8"?>
<testng-results ignored="0" total="37" passed="37" failed="0" skipped="0">
  <reporter-output>
  </reporter-output>
  <suite started-at="2021-01-23T05:53:08Z" name="EBFS Application Test Automation Test Suite" finished-at="2021-01-23T05:58:40Z" duration-ms="332060">
    <groups>
    </groups>
    <test started-at="2021-01-23T05:53:08Z" name="EBFS App Test Cases" finished-at="2021-01-23T05:58:40Z" duration-ms="332060">
      <class name="com.ebfs.qa.testcases.google">
        <test-method is-config="true" signature="setUp()[pri:0, instance:com.ebfs.qa.testcases.google@80ec1f8]" started-at="2021-01-23T05:53:08Z" name="setUp" finished-at="2021-01-23T05:53:16Z" duration-ms="7649" status="PASS">
          <reporter-output>
          </reporter-output>
        </test-method> <!-- setUp -->
        <test-method signature="Search(java.lang.String)[pri:0, instance:com.ebfs.qa.testcases.google@80ec1f8]" started-at="2021-01-23T05:53:16Z" name="Search" data-provider="search" finished-at="2021-01-23T05:53:17Z" duration-ms="1279" status="PASS">
          <params>
            <param index="0">
              <value>
                <![CDATA[google]]>
              </value>
            </param>
          </params>
          <reporter-output>
          </reporter-output>
        </test-method> <!-- Search -->
        <test-method is-config="true" signature="tearDown()[pri:0, instance:com.ebfs.qa.testcases.google@80ec1f8]" started-at="2021-01-23T05:53:17Z" name="tearDown" finished-at="2021-01-23T05:53:18Z" duration-ms="645" status="PASS">
          <reporter-output>
          </reporter-output>
        </test-method> <!-- tearDown -->
        <test-method is-config="true" signature="setUp()[pri:0, instance:com.ebfs.qa.testcases.google@80ec1f8]" started-at="2021-01-23T05:53:18Z" name="setUp" finished-at="2021-01-23T05:53:25Z" duration-ms="6952" status="PASS">
          <reporter-output>
          </reporter-output>
        </test-method> <!-- setUp -->
        <test-method signature="Search(java.lang.String)[pri:0, instance:com.ebfs.qa.testcases.google@80ec1f8]" started-at="2021-01-23T05:53:25Z" name="Search" data-provider="search" finished-at="2021-01-23T05:53:26Z" duration-ms="1257" status="PASS">
          <params>
            <param index="0">
              <value>
                <![CDATA[tshirt]]>
              </value>
            </param>
          </params>
          <reporter-output>
          </reporter-output>
        </test-method> <!-- Search -->
        <test-method is-config="true" signature="tearDown()[pri:0, instance:com.ebfs.qa.testcases.google@80ec1f8]" started-at="2021-01-23T05:53:26Z" name="tearDown" finished-at="2021-01-23T05:53:27Z" duration-ms="635" status="PASS">
          <reporter-output>
          </reporter-output>
        </test-method> <!-- tearDown -->
        <test-method is-config="true" signature="setUp()[pri:0, instance:com.ebfs.qa.testcases.google@80ec1f8]" started-at="2021-01-23T05:53:27Z" name="setUp" finished-at="2021-01-23T05:53:34Z" duration-ms="7327" status="PASS">
          <reporter-output>
          </reporter-output>
        </test-method> <!-- setUp -->
        <test-method signature="Search(java.lang.String)[pri:0, instance:com.ebfs.qa.testcases.google@80ec1f8]" started-at="2021-01-23T05:53:34Z" name="Search" data-provider="search" finished-at="2021-01-23T05:53:35Z" duration-ms="977" status="PASS">
          <params>
            <param index="0">
              <value>
                <![CDATA[sofa]]>
              </value>
            </param>
          </params>
          <reporter-output>
          </reporter-output>
        </test-method> <!-- Search -->
        <test-method is-config="true" signature="tearDown()[pri:0, instance:com.ebfs.qa.testcases.google@80ec1f8]" started-at="2021-01-23T05:53:35Z" name="tearDown" finished-at="2021-01-23T05:53:36Z" duration-ms="650" status="PASS">
          <reporter-output>
          </reporter-output>
        </test-method> <!-- tearDown -->
        <test-method is-config="true" signature="setUp()[pri:0, instance:com.ebfs.qa.testcases.google@80ec1f8]" started-at="2021-01-23T05:53:36Z" name="setUp" finished-at="2021-01-23T05:53:43Z" duration-ms="6931" status="PASS">
          <reporter-output>
          </reporter-output>
        </test-method> <!-- setUp -->
        <test-method signature="Search(java.lang.String)[pri:0, instance:com.ebfs.qa.testcases.google@80ec1f8]" started-at="2021-01-23T05:53:43Z" name="Search" data-provider="search" finished-at="2021-01-23T05:53:43Z" duration-ms="975" status="PASS">
          <params>
            <param index="0">
              <value>
                <![CDATA[0.0]]>
              </value>
            </param>
          </params>
          <reporter-output>
          </reporter-output>
        </test-method> <!-- Search -->
        <test-method is-config="true" signature="tearDown()[pri:0, instance:com.ebfs.qa.testcases.google@80ec1f8]" started-at="2021-01-23T05:53:43Z" name="tearDown" finished-at="2021-01-23T05:53:44Z" duration-ms="626" status="PASS">
          <reporter-output>
          </reporter-output>
        </test-method> <!-- tearDown -->
        <test-method is-config="true" signature="setUp()[pri:0, instance:com.ebfs.qa.testcases.google@80ec1f8]" started-at="2021-01-23T05:53:44Z" name="setUp" finished-at="2021-01-23T05:53:51Z" duration-ms="7071" status="PASS">
          <reporter-output>
          </reporter-output>
        </test-method> <!-- setUp -->
        <test-method signature="Search(java.lang.String)[pri:0, instance:com.ebfs.qa.testcases.google@80ec1f8]" started-at="2021-01-23T05:53:51Z" name="Search" data-provider="search" finished-at="2021-01-23T05:53:52Z" duration-ms="1028" status="PASS">
          <params>
            <param index="0">
              <value>
                <![CDATA[&]]>
              </value>
            </param>
          </params>
          <reporter-output>
          </reporter-output>
        </test-method> <!-- Search -->
        <test-method is-config="true" signature="tearDown()[pri:0, instance:com.ebfs.qa.testcases.google@80ec1f8]" started-at="2021-01-23T05:53:52Z" name="tearDown" finished-at="2021-01-23T05:53:53Z" duration-ms="644" status="PASS">
          <reporter-output>
          </reporter-output>
        </test-method> <!-- tearDown -->
        <test-method is-config="true" signature="setUp()[pri:0, instance:com.ebfs.qa.testcases.google@80ec1f8]" started-at="2021-01-23T05:53:53Z" name="setUp" finished-at="2021-01-23T05:54:00Z" duration-ms="7045" status="PASS">
          <reporter-output>
          </reporter-output>
        </test-method> <!-- setUp -->
        <test-method signature="Search(java.lang.String)[pri:0, instance:com.ebfs.qa.testcases.google@80ec1f8]" started-at="2021-01-23T05:54:00Z" name="Search" data-provider="search" finished-at="2021-01-23T05:54:01Z" duration-ms="1027" status="PASS">
          <params>
            <param index="0">
              <value>
                <![CDATA[Bangladesh]]>
              </value>
            </param>
          </params>
          <reporter-output>
          </reporter-output>
        </test-method> <!-- Search -->
        <test-method is-config="true" signature="tearDown()[pri:0, instance:com.ebfs.qa.testcases.google@80ec1f8]" started-at="2021-01-23T05:54:01Z" name="tearDown" finished-at="2021-01-23T05:54:02Z" duration-ms="636" status="PASS">
          <reporter-output>
          </reporter-output>
        </test-method> <!-- tearDown -->
        <test-method is-config="true" signature="setUp()[pri:0, instance:com.ebfs.qa.testcases.google@80ec1f8]" started-at="2021-01-23T05:54:02Z" name="setUp" finished-at="2021-01-23T05:54:10Z" duration-ms="8822" status="PASS">
          <reporter-output>
          </reporter-output>
        </test-method> <!-- setUp -->
        <test-method signature="Search(java.lang.String)[pri:0, instance:com.ebfs.qa.testcases.google@80ec1f8]" started-at="2021-01-23T05:54:10Z" name="Search" data-provider="search" finished-at="2021-01-23T05:54:11Z" duration-ms="985" status="PASS">
          <params>
            <param index="0">
              <value>
                <![CDATA[QA Automation]]>
              </value>
            </param>
          </params>
          <reporter-output>
          </reporter-output>
        </test-method> <!-- Search -->
        <test-method is-config="true" signature="tearDown()[pri:0, instance:com.ebfs.qa.testcases.google@80ec1f8]" started-at="2021-01-23T05:54:11Z" name="tearDown" finished-at="2021-01-23T05:54:12Z" duration-ms="644" status="PASS">
          <reporter-output>
          </reporter-output>
        </test-method> <!-- tearDown -->
        <test-method is-config="true" signature="setUp()[pri:0, instance:com.ebfs.qa.testcases.google@80ec1f8]" started-at="2021-01-23T05:54:12Z" name="setUp" finished-at="2021-01-23T05:54:19Z" duration-ms="7068" status="PASS">
          <reporter-output>
          </reporter-output>
        </test-method> <!-- setUp -->
        <test-method signature="Search(java.lang.String)[pri:0, instance:com.ebfs.qa.testcases.google@80ec1f8]" started-at="2021-01-23T05:54:19Z" name="Search" data-provider="search" finished-at="2021-01-23T05:54:20Z" duration-ms="1085" status="PASS">
          <params>
            <param index="0">
              <value>
                <![CDATA[25.0]]>
              </value>
            </param>
          </params>
          <reporter-output>
          </reporter-output>
        </test-method> <!-- Search -->
        <test-method is-config="true" signature="tearDown()[pri:0, instance:com.ebfs.qa.testcases.google@80ec1f8]" started-at="2021-01-23T05:54:20Z" name="tearDown" finished-at="2021-01-23T05:54:21Z" duration-ms="636" status="PASS">
          <reporter-output>
          </reporter-output>
        </test-method> <!-- tearDown -->
        <test-method is-config="true" signature="setUp()[pri:0, instance:com.ebfs.qa.testcases.google@80ec1f8]" started-at="2021-01-23T05:54:21Z" name="setUp" finished-at="2021-01-23T05:54:28Z" duration-ms="7078" status="PASS">
          <reporter-output>
          </reporter-output>
        </test-method> <!-- setUp -->
        <test-method signature="Search(java.lang.String)[pri:0, instance:com.ebfs.qa.testcases.google@80ec1f8]" started-at="2021-01-23T05:54:28Z" name="Search" data-provider="search" finished-at="2021-01-23T05:54:29Z" duration-ms="947" status="PASS">
          <params>
            <param index="0">
              <value>
                <![CDATA[19.0]]>
              </value>
            </param>
          </params>
          <reporter-output>
          </reporter-output>
        </test-method> <!-- Search -->
        <test-method is-config="true" signature="tearDown()[pri:0, instance:com.ebfs.qa.testcases.google@80ec1f8]" started-at="2021-01-23T05:54:29Z" name="tearDown" finished-at="2021-01-23T05:54:29Z" duration-ms="644" status="PASS">
          <reporter-output>
          </reporter-output>
        </test-method> <!-- tearDown -->
        <test-method is-config="true" signature="setUp()[pri:0, instance:com.ebfs.qa.testcases.google@80ec1f8]" started-at="2021-01-23T05:54:29Z" name="setUp" finished-at="2021-01-23T05:54:37Z" duration-ms="7146" status="PASS">
          <reporter-output>
          </reporter-output>
        </test-method> <!-- setUp -->
        <test-method signature="Search(java.lang.String)[pri:0, instance:com.ebfs.qa.testcases.google@80ec1f8]" started-at="2021-01-23T05:54:37Z" name="Search" data-provider="search" finished-at="2021-01-23T05:54:38Z" duration-ms="1187" status="PASS">
          <params>
            <param index="0">
              <value>
                <![CDATA[Payment]]>
              </value>
            </param>
          </params>
          <reporter-output>
          </reporter-output>
        </test-method> <!-- Search -->
        <test-method is-config="true" signature="tearDown()[pri:0, instance:com.ebfs.qa.testcases.google@80ec1f8]" started-at="2021-01-23T05:54:38Z" name="tearDown" finished-at="2021-01-23T05:54:38Z" duration-ms="624" status="PASS">
          <reporter-output>
          </reporter-output>
        </test-method> <!-- tearDown -->
        <test-method is-config="true" signature="setUp()[pri:0, instance:com.ebfs.qa.testcases.google@80ec1f8]" started-at="2021-01-23T05:54:38Z" name="setUp" finished-at="2021-01-23T05:54:45Z" duration-ms="6960" status="PASS">
          <reporter-output>
          </reporter-output>
        </test-method> <!-- setUp -->
        <test-method signature="Search(java.lang.String)[pri:0, instance:com.ebfs.qa.testcases.google@80ec1f8]" started-at="2021-01-23T05:54:45Z" name="Search" data-provider="search" finished-at="2021-01-23T05:54:47Z" duration-ms="1100" status="PASS">
          <params>
            <param index="0">
              <value>
                <![CDATA[Delevery]]>
              </value>
            </param>
          </params>
          <reporter-output>
          </reporter-output>
        </test-method> <!-- Search -->
        <test-method is-config="true" signature="tearDown()[pri:0, instance:com.ebfs.qa.testcases.google@80ec1f8]" started-at="2021-01-23T05:54:47Z" name="tearDown" finished-at="2021-01-23T05:54:47Z" duration-ms="644" status="PASS">
          <reporter-output>
          </reporter-output>
        </test-method> <!-- tearDown -->
        <test-method is-config="true" signature="setUp()[pri:0, instance:com.ebfs.qa.testcases.google@80ec1f8]" started-at="2021-01-23T05:54:47Z" name="setUp" finished-at="2021-01-23T05:54:54Z" duration-ms="7007" status="PASS">
          <reporter-output>
          </reporter-output>
        </test-method> <!-- setUp -->
        <test-method signature="SearchProduct(java.lang.String)[pri:0, instance:com.ebfs.qa.testcases.google@80ec1f8]" started-at="2021-01-23T05:54:54Z" name="SearchProduct" data-provider="product" finished-at="2021-01-23T05:54:55Z" duration-ms="1223" status="PASS">
          <params>
            <param index="0">
              <value>
                <![CDATA[T-Shirt]]>
              </value>
            </param>
          </params>
          <reporter-output>
          </reporter-output>
        </test-method> <!-- SearchProduct -->
        <test-method is-config="true" signature="tearDown()[pri:0, instance:com.ebfs.qa.testcases.google@80ec1f8]" started-at="2021-01-23T05:54:55Z" name="tearDown" finished-at="2021-01-23T05:54:56Z" duration-ms="711" status="PASS">
          <reporter-output>
          </reporter-output>
        </test-method> <!-- tearDown -->
        <test-method is-config="true" signature="setUp()[pri:0, instance:com.ebfs.qa.testcases.google@80ec1f8]" started-at="2021-01-23T05:54:56Z" name="setUp" finished-at="2021-01-23T05:55:03Z" duration-ms="7201" status="PASS">
          <reporter-output>
          </reporter-output>
        </test-method> <!-- setUp -->
        <test-method signature="SearchProduct(java.lang.String)[pri:0, instance:com.ebfs.qa.testcases.google@80ec1f8]" started-at="2021-01-23T05:55:03Z" name="SearchProduct" data-provider="product" finished-at="2021-01-23T05:55:04Z" duration-ms="1023" status="PASS">
          <params>
            <param index="0">
              <value>
                <![CDATA[Blouse]]>
              </value>
            </param>
          </params>
          <reporter-output>
          </reporter-output>
        </test-method> <!-- SearchProduct -->
        <test-method is-config="true" signature="tearDown()[pri:0, instance:com.ebfs.qa.testcases.google@80ec1f8]" started-at="2021-01-23T05:55:04Z" name="tearDown" finished-at="2021-01-23T05:55:05Z" duration-ms="637" status="PASS">
          <reporter-output>
          </reporter-output>
        </test-method> <!-- tearDown -->
        <test-method is-config="true" signature="setUp()[pri:0, instance:com.ebfs.qa.testcases.google@80ec1f8]" started-at="2021-01-23T05:55:05Z" name="setUp" finished-at="2021-01-23T05:55:12Z" duration-ms="6940" status="PASS">
          <reporter-output>
          </reporter-output>
        </test-method> <!-- setUp -->
        <test-method signature="SearchProduct(java.lang.String)[pri:0, instance:com.ebfs.qa.testcases.google@80ec1f8]" started-at="2021-01-23T05:55:12Z" name="SearchProduct" data-provider="product" finished-at="2021-01-23T05:55:13Z" duration-ms="1096" status="PASS">
          <params>
            <param index="0">
              <value>
                <![CDATA[Printed Dress]]>
              </value>
            </param>
          </params>
          <reporter-output>
          </reporter-output>
        </test-method> <!-- SearchProduct -->
        <test-method is-config="true" signature="tearDown()[pri:0, instance:com.ebfs.qa.testcases.google@80ec1f8]" started-at="2021-01-23T05:55:13Z" name="tearDown" finished-at="2021-01-23T05:55:14Z" duration-ms="628" status="PASS">
          <reporter-output>
          </reporter-output>
        </test-method> <!-- tearDown -->
        <test-method is-config="true" signature="setUp()[pri:0, instance:com.ebfs.qa.testcases.google@80ec1f8]" started-at="2021-01-23T05:55:14Z" name="setUp" finished-at="2021-01-23T05:55:21Z" duration-ms="7214" status="PASS">
          <reporter-output>
          </reporter-output>
        </test-method> <!-- setUp -->
        <test-method signature="SearchProduct(java.lang.String)[pri:0, instance:com.ebfs.qa.testcases.google@80ec1f8]" started-at="2021-01-23T05:55:21Z" name="SearchProduct" data-provider="product" finished-at="2021-01-23T05:55:22Z" duration-ms="1100" status="PASS">
          <params>
            <param index="0">
              <value>
                <![CDATA[Printed Summer Dress]]>
              </value>
            </param>
          </params>
          <reporter-output>
          </reporter-output>
        </test-method> <!-- SearchProduct -->
        <test-method is-config="true" signature="tearDown()[pri:0, instance:com.ebfs.qa.testcases.google@80ec1f8]" started-at="2021-01-23T05:55:22Z" name="tearDown" finished-at="2021-01-23T05:55:23Z" duration-ms="673" status="PASS">
          <reporter-output>
          </reporter-output>
        </test-method> <!-- tearDown -->
        <test-method is-config="true" signature="setUp()[pri:0, instance:com.ebfs.qa.testcases.google@80ec1f8]" started-at="2021-01-23T05:55:23Z" name="setUp" finished-at="2021-01-23T05:55:30Z" duration-ms="7139" status="PASS">
          <reporter-output>
          </reporter-output>
        </test-method> <!-- setUp -->
        <test-method signature="SearchProduct(java.lang.String)[pri:0, instance:com.ebfs.qa.testcases.google@80ec1f8]" started-at="2021-01-23T05:55:30Z" name="SearchProduct" data-provider="product" finished-at="2021-01-23T05:55:31Z" duration-ms="1174" status="PASS">
          <params>
            <param index="0">
              <value>
                <![CDATA[Printed Chiffon Dress]]>
              </value>
            </param>
          </params>
          <reporter-output>
          </reporter-output>
        </test-method> <!-- SearchProduct -->
        <test-method is-config="true" signature="tearDown()[pri:0, instance:com.ebfs.qa.testcases.google@80ec1f8]" started-at="2021-01-23T05:55:31Z" name="tearDown" finished-at="2021-01-23T05:55:32Z" duration-ms="646" status="PASS">
          <reporter-output>
          </reporter-output>
        </test-method> <!-- tearDown -->
        <test-method is-config="true" signature="setUp()[pri:0, instance:com.ebfs.qa.testcases.google@80ec1f8]" started-at="2021-01-23T05:55:32Z" name="setUp" finished-at="2021-01-23T05:55:39Z" duration-ms="7565" status="PASS">
          <reporter-output>
          </reporter-output>
        </test-method> <!-- setUp -->
        <test-method signature="SearchProduct(java.lang.String)[pri:0, instance:com.ebfs.qa.testcases.google@80ec1f8]" started-at="2021-01-23T05:55:39Z" name="SearchProduct" data-provider="product" finished-at="2021-01-23T05:55:41Z" duration-ms="1323" status="PASS">
          <params>
            <param index="0">
              <value>
                <![CDATA[Jeffery Plaid Shirt]]>
              </value>
            </param>
          </params>
          <reporter-output>
          </reporter-output>
        </test-method> <!-- SearchProduct -->
        <test-method is-config="true" signature="tearDown()[pri:0, instance:com.ebfs.qa.testcases.google@80ec1f8]" started-at="2021-01-23T05:55:41Z" name="tearDown" finished-at="2021-01-23T05:55:42Z" duration-ms="1221" status="PASS">
          <reporter-output>
          </reporter-output>
        </test-method> <!-- tearDown -->
        <test-method is-config="true" signature="setUp()[pri:0, instance:com.ebfs.qa.testcases.google@80ec1f8]" started-at="2021-01-23T05:55:42Z" name="setUp" finished-at="2021-01-23T05:55:49Z" duration-ms="6968" status="PASS">
          <reporter-output>
          </reporter-output>
        </test-method> <!-- setUp -->
        <test-method signature="blankSearch()[pri:0, instance:com.ebfs.qa.testcases.google@80ec1f8]" started-at="2021-01-23T05:55:49Z" name="blankSearch" finished-at="2021-01-23T05:55:50Z" duration-ms="1000" status="PASS">
          <reporter-output>
          </reporter-output>
        </test-method> <!-- blankSearch -->
        <test-method is-config="true" signature="tearDown()[pri:0, instance:com.ebfs.qa.testcases.google@80ec1f8]" started-at="2021-01-23T05:55:50Z" name="tearDown" finished-at="2021-01-23T05:55:51Z" duration-ms="1158" status="PASS">
          <reporter-output>
          </reporter-output>
        </test-method> <!-- tearDown -->
        <test-method is-config="true" signature="setUp()[pri:0, instance:com.ebfs.qa.testcases.google@80ec1f8]" started-at="2021-01-23T05:55:51Z" name="setUp" finished-at="2021-01-23T05:55:58Z" duration-ms="7048" status="PASS">
          <reporter-output>
          </reporter-output>
        </test-method> <!-- setUp -->
        <test-method signature="characterSearch(java.lang.String)[pri:0, instance:com.ebfs.qa.testcases.google@80ec1f8]" started-at="2021-01-23T05:55:58Z" name="characterSearch" data-provider="char" finished-at="2021-01-23T05:55:59Z" duration-ms="1052" status="PASS">
          <params>
            <param index="0">
              <value>
                <![CDATA[@]]>
              </value>
            </param>
          </params>
          <reporter-output>
          </reporter-output>
        </test-method> <!-- characterSearch -->
        <test-method is-config="true" signature="tearDown()[pri:0, instance:com.ebfs.qa.testcases.google@80ec1f8]" started-at="2021-01-23T05:55:59Z" name="tearDown" finished-at="2021-01-23T05:56:00Z" duration-ms="640" status="PASS">
          <reporter-output>
          </reporter-output>
        </test-method> <!-- tearDown -->
        <test-method is-config="true" signature="setUp()[pri:0, instance:com.ebfs.qa.testcases.google@80ec1f8]" started-at="2021-01-23T05:56:00Z" name="setUp" finished-at="2021-01-23T05:56:08Z" duration-ms="8830" status="PASS">
          <reporter-output>
          </reporter-output>
        </test-method> <!-- setUp -->
        <test-method signature="characterSearch(java.lang.String)[pri:0, instance:com.ebfs.qa.testcases.google@80ec1f8]" started-at="2021-01-23T05:56:08Z" name="characterSearch" data-provider="char" finished-at="2021-01-23T05:56:09Z" duration-ms="981" status="PASS">
          <params>
            <param index="0">
              <value>
                <![CDATA[!]]>
              </value>
            </param>
          </params>
          <reporter-output>
          </reporter-output>
        </test-method> <!-- characterSearch -->
        <test-method is-config="true" signature="tearDown()[pri:0, instance:com.ebfs.qa.testcases.google@80ec1f8]" started-at="2021-01-23T05:56:09Z" name="tearDown" finished-at="2021-01-23T05:56:10Z" duration-ms="634" status="PASS">
          <reporter-output>
          </reporter-output>
        </test-method> <!-- tearDown -->
        <test-method is-config="true" signature="setUp()[pri:0, instance:com.ebfs.qa.testcases.google@80ec1f8]" started-at="2021-01-23T05:56:10Z" name="setUp" finished-at="2021-01-23T05:56:17Z" duration-ms="6869" status="PASS">
          <reporter-output>
          </reporter-output>
        </test-method> <!-- setUp -->
        <test-method signature="characterSearch(java.lang.String)[pri:0, instance:com.ebfs.qa.testcases.google@80ec1f8]" started-at="2021-01-23T05:56:17Z" name="characterSearch" data-provider="char" finished-at="2021-01-23T05:56:18Z" duration-ms="1069" status="PASS">
          <params>
            <param index="0">
              <value>
                <![CDATA[#]]>
              </value>
            </param>
          </params>
          <reporter-output>
          </reporter-output>
        </test-method> <!-- characterSearch -->
        <test-method is-config="true" signature="tearDown()[pri:0, instance:com.ebfs.qa.testcases.google@80ec1f8]" started-at="2021-01-23T05:56:18Z" name="tearDown" finished-at="2021-01-23T05:56:19Z" duration-ms="1111" status="PASS">
          <reporter-output>
          </reporter-output>
        </test-method> <!-- tearDown -->
        <test-method is-config="true" signature="setUp()[pri:0, instance:com.ebfs.qa.testcases.google@80ec1f8]" started-at="2021-01-23T05:56:19Z" name="setUp" finished-at="2021-01-23T05:56:27Z" duration-ms="7442" status="PASS">
          <reporter-output>
          </reporter-output>
        </test-method> <!-- setUp -->
        <test-method signature="characterSearch(java.lang.String)[pri:0, instance:com.ebfs.qa.testcases.google@80ec1f8]" started-at="2021-01-23T05:56:27Z" name="characterSearch" data-provider="char" finished-at="2021-01-23T05:56:28Z" duration-ms="978" status="PASS">
          <params>
            <param index="0">
              <value>
                <![CDATA[$]]>
              </value>
            </param>
          </params>
          <reporter-output>
          </reporter-output>
        </test-method> <!-- characterSearch -->
        <test-method is-config="true" signature="tearDown()[pri:0, instance:com.ebfs.qa.testcases.google@80ec1f8]" started-at="2021-01-23T05:56:28Z" name="tearDown" finished-at="2021-01-23T05:56:28Z" duration-ms="627" status="PASS">
          <reporter-output>
          </reporter-output>
        </test-method> <!-- tearDown -->
        <test-method is-config="true" signature="setUp()[pri:0, instance:com.ebfs.qa.testcases.google@80ec1f8]" started-at="2021-01-23T05:56:28Z" name="setUp" finished-at="2021-01-23T05:56:35Z" duration-ms="7117" status="PASS">
          <reporter-output>
          </reporter-output>
        </test-method> <!-- setUp -->
        <test-method signature="characterSearch(java.lang.String)[pri:0, instance:com.ebfs.qa.testcases.google@80ec1f8]" started-at="2021-01-23T05:56:35Z" name="characterSearch" data-provider="char" finished-at="2021-01-23T05:56:36Z" duration-ms="1096" status="PASS">
          <params>
            <param index="0">
              <value>
                <![CDATA[%]]>
              </value>
            </param>
          </params>
          <reporter-output>
          </reporter-output>
        </test-method> <!-- characterSearch -->
        <test-method is-config="true" signature="tearDown()[pri:0, instance:com.ebfs.qa.testcases.google@80ec1f8]" started-at="2021-01-23T05:56:36Z" name="tearDown" finished-at="2021-01-23T05:56:37Z" duration-ms="650" status="PASS">
          <reporter-output>
          </reporter-output>
        </test-method> <!-- tearDown -->
        <test-method is-config="true" signature="setUp()[pri:0, instance:com.ebfs.qa.testcases.google@80ec1f8]" started-at="2021-01-23T05:56:37Z" name="setUp" finished-at="2021-01-23T05:56:44Z" duration-ms="7147" status="PASS">
          <reporter-output>
          </reporter-output>
        </test-method> <!-- setUp -->
        <test-method signature="characterSearch(java.lang.String)[pri:0, instance:com.ebfs.qa.testcases.google@80ec1f8]" started-at="2021-01-23T05:56:44Z" name="characterSearch" data-provider="char" finished-at="2021-01-23T05:56:45Z" duration-ms="1160" status="PASS">
          <params>
            <param index="0">
              <value>
                <![CDATA[&]]>
              </value>
            </param>
          </params>
          <reporter-output>
          </reporter-output>
        </test-method> <!-- characterSearch -->
        <test-method is-config="true" signature="tearDown()[pri:0, instance:com.ebfs.qa.testcases.google@80ec1f8]" started-at="2021-01-23T05:56:45Z" name="tearDown" finished-at="2021-01-23T05:56:46Z" duration-ms="647" status="PASS">
          <reporter-output>
          </reporter-output>
        </test-method> <!-- tearDown -->
        <test-method is-config="true" signature="setUp()[pri:0, instance:com.ebfs.qa.testcases.google@80ec1f8]" started-at="2021-01-23T05:56:46Z" name="setUp" finished-at="2021-01-23T05:56:53Z" duration-ms="7068" status="PASS">
          <reporter-output>
          </reporter-output>
        </test-method> <!-- setUp -->
        <test-method signature="characterSearch(java.lang.String)[pri:0, instance:com.ebfs.qa.testcases.google@80ec1f8]" started-at="2021-01-23T05:56:53Z" name="characterSearch" data-provider="char" finished-at="2021-01-23T05:56:54Z" duration-ms="997" status="PASS">
          <params>
            <param index="0">
              <value>
                <![CDATA[(]]>
              </value>
            </param>
          </params>
          <reporter-output>
          </reporter-output>
        </test-method> <!-- characterSearch -->
        <test-method is-config="true" signature="tearDown()[pri:0, instance:com.ebfs.qa.testcases.google@80ec1f8]" started-at="2021-01-23T05:56:54Z" name="tearDown" finished-at="2021-01-23T05:56:55Z" duration-ms="647" status="PASS">
          <reporter-output>
          </reporter-output>
        </test-method> <!-- tearDown -->
        <test-method is-config="true" signature="setUp()[pri:0, instance:com.ebfs.qa.testcases.google@80ec1f8]" started-at="2021-01-23T05:56:55Z" name="setUp" finished-at="2021-01-23T05:57:02Z" duration-ms="7221" status="PASS">
          <reporter-output>
          </reporter-output>
        </test-method> <!-- setUp -->
        <test-method signature="characterSearch(java.lang.String)[pri:0, instance:com.ebfs.qa.testcases.google@80ec1f8]" started-at="2021-01-23T05:57:02Z" name="characterSearch" data-provider="char" finished-at="2021-01-23T05:57:03Z" duration-ms="1145" status="PASS">
          <params>
            <param index="0">
              <value>
                <![CDATA[*]]>
              </value>
            </param>
          </params>
          <reporter-output>
          </reporter-output>
        </test-method> <!-- characterSearch -->
        <test-method is-config="true" signature="tearDown()[pri:0, instance:com.ebfs.qa.testcases.google@80ec1f8]" started-at="2021-01-23T05:57:03Z" name="tearDown" finished-at="2021-01-23T05:57:04Z" duration-ms="672" status="PASS">
          <reporter-output>
          </reporter-output>
        </test-method> <!-- tearDown -->
        <test-method is-config="true" signature="setUp()[pri:0, instance:com.ebfs.qa.testcases.google@80ec1f8]" started-at="2021-01-23T05:57:04Z" name="setUp" finished-at="2021-01-23T05:57:11Z" duration-ms="6963" status="PASS">
          <reporter-output>
          </reporter-output>
        </test-method> <!-- setUp -->
        <test-method signature="characterSearch(java.lang.String)[pri:0, instance:com.ebfs.qa.testcases.google@80ec1f8]" started-at="2021-01-23T05:57:11Z" name="characterSearch" data-provider="char" finished-at="2021-01-23T05:57:12Z" duration-ms="1114" status="PASS">
          <params>
            <param index="0">
              <value>
                <![CDATA[+]]>
              </value>
            </param>
          </params>
          <reporter-output>
          </reporter-output>
        </test-method> <!-- characterSearch -->
        <test-method is-config="true" signature="tearDown()[pri:0, instance:com.ebfs.qa.testcases.google@80ec1f8]" started-at="2021-01-23T05:57:12Z" name="tearDown" finished-at="2021-01-23T05:57:12Z" duration-ms="682" status="PASS">
          <reporter-output>
          </reporter-output>
        </test-method> <!-- tearDown -->
        <test-method is-config="true" signature="setUp()[pri:0, instance:com.ebfs.qa.testcases.google@80ec1f8]" started-at="2021-01-23T05:57:12Z" name="setUp" finished-at="2021-01-23T05:57:19Z" duration-ms="6935" status="PASS">
          <reporter-output>
          </reporter-output>
        </test-method> <!-- setUp -->
        <test-method signature="characterSearch(java.lang.String)[pri:0, instance:com.ebfs.qa.testcases.google@80ec1f8]" started-at="2021-01-23T05:57:19Z" name="characterSearch" data-provider="char" finished-at="2021-01-23T05:57:20Z" duration-ms="992" status="PASS">
          <params>
            <param index="0">
              <value>
                <![CDATA[-]]>
              </value>
            </param>
          </params>
          <reporter-output>
          </reporter-output>
        </test-method> <!-- characterSearch -->
        <test-method is-config="true" signature="tearDown()[pri:0, instance:com.ebfs.qa.testcases.google@80ec1f8]" started-at="2021-01-23T05:57:20Z" name="tearDown" finished-at="2021-01-23T05:57:21Z" duration-ms="646" status="PASS">
          <reporter-output>
          </reporter-output>
        </test-method> <!-- tearDown -->
        <test-method is-config="true" signature="setUp()[pri:0, instance:com.ebfs.qa.testcases.google@80ec1f8]" started-at="2021-01-23T05:57:21Z" name="setUp" finished-at="2021-01-23T05:57:28Z" duration-ms="7000" status="PASS">
          <reporter-output>
          </reporter-output>
        </test-method> <!-- setUp -->
        <test-method signature="characterSearch(java.lang.String)[pri:0, instance:com.ebfs.qa.testcases.google@80ec1f8]" started-at="2021-01-23T05:57:28Z" name="characterSearch" data-provider="char" finished-at="2021-01-23T05:57:29Z" duration-ms="1107" status="PASS">
          <params>
            <param index="0">
              <value>
                <![CDATA[/]]>
              </value>
            </param>
          </params>
          <reporter-output>
          </reporter-output>
        </test-method> <!-- characterSearch -->
        <test-method is-config="true" signature="tearDown()[pri:0, instance:com.ebfs.qa.testcases.google@80ec1f8]" started-at="2021-01-23T05:57:29Z" name="tearDown" finished-at="2021-01-23T05:57:30Z" duration-ms="647" status="PASS">
          <reporter-output>
          </reporter-output>
        </test-method> <!-- tearDown -->
        <test-method is-config="true" signature="setUp()[pri:0, instance:com.ebfs.qa.testcases.google@80ec1f8]" started-at="2021-01-23T05:57:30Z" name="setUp" finished-at="2021-01-23T05:57:37Z" duration-ms="6972" status="PASS">
          <reporter-output>
          </reporter-output>
        </test-method> <!-- setUp -->
        <test-method signature="characterSearch(java.lang.String)[pri:0, instance:com.ebfs.qa.testcases.google@80ec1f8]" started-at="2021-01-23T05:57:37Z" name="characterSearch" data-provider="char" finished-at="2021-01-23T05:57:38Z" duration-ms="954" status="PASS">
          <params>
            <param index="0">
              <value>
                <![CDATA[)]]>
              </value>
            </param>
          </params>
          <reporter-output>
          </reporter-output>
        </test-method> <!-- characterSearch -->
        <test-method is-config="true" signature="tearDown()[pri:0, instance:com.ebfs.qa.testcases.google@80ec1f8]" started-at="2021-01-23T05:57:38Z" name="tearDown" finished-at="2021-01-23T05:57:38Z" duration-ms="638" status="PASS">
          <reporter-output>
          </reporter-output>
        </test-method> <!-- tearDown -->
        <test-method is-config="true" signature="setUp()[pri:0, instance:com.ebfs.qa.testcases.google@80ec1f8]" started-at="2021-01-23T05:57:38Z" name="setUp" finished-at="2021-01-23T05:57:45Z" duration-ms="6971" status="PASS">
          <reporter-output>
          </reporter-output>
        </test-method> <!-- setUp -->
        <test-method signature="characterSearch(java.lang.String)[pri:0, instance:com.ebfs.qa.testcases.google@80ec1f8]" started-at="2021-01-23T05:57:45Z" name="characterSearch" data-provider="char" finished-at="2021-01-23T05:57:46Z" duration-ms="1135" status="PASS">
          <params>
            <param index="0">
              <value>
                <![CDATA[-]]>
              </value>
            </param>
          </params>
          <reporter-output>
          </reporter-output>
        </test-method> <!-- characterSearch -->
        <test-method is-config="true" signature="tearDown()[pri:0, instance:com.ebfs.qa.testcases.google@80ec1f8]" started-at="2021-01-23T05:57:46Z" name="tearDown" finished-at="2021-01-23T05:57:47Z" duration-ms="629" status="PASS">
          <reporter-output>
          </reporter-output>
        </test-method> <!-- tearDown -->
        <test-method is-config="true" signature="setUp()[pri:0, instance:com.ebfs.qa.testcases.google@80ec1f8]" started-at="2021-01-23T05:57:47Z" name="setUp" finished-at="2021-01-23T05:57:54Z" duration-ms="6983" status="PASS">
          <reporter-output>
          </reporter-output>
        </test-method> <!-- setUp -->
        <test-method signature="characterSearch(java.lang.String)[pri:0, instance:com.ebfs.qa.testcases.google@80ec1f8]" started-at="2021-01-23T05:57:54Z" name="characterSearch" data-provider="char" finished-at="2021-01-23T05:57:55Z" duration-ms="965" status="PASS">
          <params>
            <param index="0">
              <value>
                <![CDATA[=]]>
              </value>
            </param>
          </params>
          <reporter-output>
          </reporter-output>
        </test-method> <!-- characterSearch -->
        <test-method is-config="true" signature="tearDown()[pri:0, instance:com.ebfs.qa.testcases.google@80ec1f8]" started-at="2021-01-23T05:57:55Z" name="tearDown" finished-at="2021-01-23T05:57:56Z" duration-ms="644" status="PASS">
          <reporter-output>
          </reporter-output>
        </test-method> <!-- tearDown -->
        <test-method is-config="true" signature="setUp()[pri:0, instance:com.ebfs.qa.testcases.google@80ec1f8]" started-at="2021-01-23T05:57:56Z" name="setUp" finished-at="2021-01-23T05:58:03Z" duration-ms="6974" status="PASS">
          <reporter-output>
          </reporter-output>
        </test-method> <!-- setUp -->
        <test-method signature="userButtonOnlySearch()[pri:0, instance:com.ebfs.qa.testcases.google@80ec1f8]" started-at="2021-01-23T05:58:03Z" name="userButtonOnlySearch" finished-at="2021-01-23T05:58:04Z" duration-ms="1064" status="PASS">
          <reporter-output>
          </reporter-output>
        </test-method> <!-- userButtonOnlySearch -->
        <test-method is-config="true" signature="tearDown()[pri:0, instance:com.ebfs.qa.testcases.google@80ec1f8]" started-at="2021-01-23T05:58:04Z" name="tearDown" finished-at="2021-01-23T05:58:04Z" duration-ms="634" status="PASS">
          <reporter-output>
          </reporter-output>
        </test-method> <!-- tearDown -->
        <test-method is-config="true" signature="setUp()[pri:0, instance:com.ebfs.qa.testcases.google@80ec1f8]" started-at="2021-01-23T05:58:04Z" name="setUp" finished-at="2021-01-23T05:58:11Z" duration-ms="7083" status="PASS">
          <reporter-output>
          </reporter-output>
        </test-method> <!-- setUp -->
        <test-method signature="userClickOnlySearch()[pri:0, instance:com.ebfs.qa.testcases.google@80ec1f8]" started-at="2021-01-23T05:58:11Z" name="userClickOnlySearch" finished-at="2021-01-23T05:58:13Z" duration-ms="1104" status="PASS">
          <reporter-output>
          </reporter-output>
        </test-method> <!-- userClickOnlySearch -->
        <test-method is-config="true" signature="tearDown()[pri:0, instance:com.ebfs.qa.testcases.google@80ec1f8]" started-at="2021-01-23T05:58:13Z" name="tearDown" finished-at="2021-01-23T05:58:13Z" duration-ms="673" status="PASS">
          <reporter-output>
          </reporter-output>
        </test-method> <!-- tearDown -->
        <test-method is-config="true" signature="setUp()[pri:0, instance:com.ebfs.qa.testcases.google@80ec1f8]" started-at="2021-01-23T05:58:13Z" name="setUp" finished-at="2021-01-23T05:58:20Z" duration-ms="6977" status="PASS">
          <reporter-output>
          </reporter-output>
        </test-method> <!-- setUp -->
        <test-method signature="userIntSearch(java.lang.String)[pri:0, instance:com.ebfs.qa.testcases.google@80ec1f8]" started-at="2021-01-23T05:58:20Z" name="userIntSearch" data-provider="int" finished-at="2021-01-23T05:58:21Z" duration-ms="1045" status="PASS">
          <params>
            <param index="0">
              <value>
                <![CDATA[25.0]]>
              </value>
            </param>
          </params>
          <reporter-output>
          </reporter-output>
        </test-method> <!-- userIntSearch -->
        <test-method is-config="true" signature="tearDown()[pri:0, instance:com.ebfs.qa.testcases.google@80ec1f8]" started-at="2021-01-23T05:58:21Z" name="tearDown" finished-at="2021-01-23T05:58:22Z" duration-ms="618" status="PASS">
          <reporter-output>
          </reporter-output>
        </test-method> <!-- tearDown -->
        <test-method is-config="true" signature="setUp()[pri:0, instance:com.ebfs.qa.testcases.google@80ec1f8]" started-at="2021-01-23T05:58:22Z" name="setUp" finished-at="2021-01-23T05:58:29Z" duration-ms="7157" status="PASS">
          <reporter-output>
          </reporter-output>
        </test-method> <!-- setUp -->
        <test-method signature="userIntSearch(java.lang.String)[pri:0, instance:com.ebfs.qa.testcases.google@80ec1f8]" started-at="2021-01-23T05:58:29Z" name="userIntSearch" data-provider="int" finished-at="2021-01-23T05:58:30Z" duration-ms="1134" status="PASS">
          <params>
            <param index="0">
              <value>
                <![CDATA[35.0]]>
              </value>
            </param>
          </params>
          <reporter-output>
          </reporter-output>
        </test-method> <!-- userIntSearch -->
        <test-method is-config="true" signature="tearDown()[pri:0, instance:com.ebfs.qa.testcases.google@80ec1f8]" started-at="2021-01-23T05:58:30Z" name="tearDown" finished-at="2021-01-23T05:58:31Z" duration-ms="749" status="PASS">
          <reporter-output>
          </reporter-output>
        </test-method> <!-- tearDown -->
        <test-method is-config="true" signature="setUp()[pri:0, instance:com.ebfs.qa.testcases.google@80ec1f8]" started-at="2021-01-23T05:58:31Z" name="setUp" finished-at="2021-01-23T05:58:38Z" duration-ms="7153" status="PASS">
          <reporter-output>
          </reporter-output>
        </test-method> <!-- setUp -->
        <test-method signature="userIntSearch(java.lang.String)[pri:0, instance:com.ebfs.qa.testcases.google@80ec1f8]" started-at="2021-01-23T05:58:38Z" name="userIntSearch" data-provider="int" finished-at="2021-01-23T05:58:39Z" duration-ms="1082" status="PASS">
          <params>
            <param index="0">
              <value>
                <![CDATA[45.0]]>
              </value>
            </param>
          </params>
          <reporter-output>
          </reporter-output>
        </test-method> <!-- userIntSearch -->
        <test-method is-config="true" signature="tearDown()[pri:0, instance:com.ebfs.qa.testcases.google@80ec1f8]" started-at="2021-01-23T05:58:39Z" name="tearDown" finished-at="2021-01-23T05:58:40Z" duration-ms="644" status="PASS">
          <reporter-output>
          </reporter-output>
        </test-method> <!-- tearDown -->
      </class> <!-- com.ebfs.qa.testcases.google -->
    </test> <!-- EBFS App Test Cases -->
  </suite> <!-- EBFS Application Test Automation Test Suite -->
</testng-results>
