<?xml version="1.0" encoding="UTF-8"?>
<!-- Generated by org.testng.reporters.JUnitXMLReporter -->
<testsuite ignored="0" hostname="LAPTOP-P3JMIFJQ" failures="0" tests="37" name="EBFS App Test Cases" time="332.06" errors="0" timestamp="23 Jan 2021 05:58:40 GMT">
  <testcase classname="com.ebfs.qa.testcases.google" name="Search" time="1.279"/>
  <testcase classname="com.ebfs.qa.testcases.google" name="Search" time="1.257"/>
  <testcase classname="com.ebfs.qa.testcases.google" name="Search" time="0.977"/>
  <testcase classname="com.ebfs.qa.testcases.google" name="Search" time="0.975"/>
  <testcase classname="com.ebfs.qa.testcases.google" name="Search" time="1.028"/>
  <testcase classname="com.ebfs.qa.testcases.google" name="Search" time="1.027"/>
  <testcase classname="com.ebfs.qa.testcases.google" name="Search" time="0.985"/>
  <testcase classname="com.ebfs.qa.testcases.google" name="Search" time="1.085"/>
  <testcase classname="com.ebfs.qa.testcases.google" name="Search" time="0.947"/>
  <testcase classname="com.ebfs.qa.testcases.google" name="Search" time="1.187"/>
  <testcase classname="com.ebfs.qa.testcases.google" name="Search" time="1.1"/>
  <testcase classname="com.ebfs.qa.testcases.google" name="SearchProduct" time="1.223"/>
  <testcase classname="com.ebfs.qa.testcases.google" name="SearchProduct" time="1.023"/>
  <testcase classname="com.ebfs.qa.testcases.google" name="SearchProduct" time="1.096"/>
  <testcase classname="com.ebfs.qa.testcases.google" name="SearchProduct" time="1.1"/>
  <testcase classname="com.ebfs.qa.testcases.google" name="SearchProduct" time="1.174"/>
  <testcase classname="com.ebfs.qa.testcases.google" name="SearchProduct" time="1.323"/>
  <testcase classname="com.ebfs.qa.testcases.google" name="blankSearch" time="1.0"/>
  <testcase classname="com.ebfs.qa.testcases.google" name="characterSearch" time="1.052"/>
  <testcase classname="com.ebfs.qa.testcases.google" name="characterSearch" time="0.981"/>
  <testcase classname="com.ebfs.qa.testcases.google" name="characterSearch" time="1.069"/>
  <testcase classname="com.ebfs.qa.testcases.google" name="characterSearch" time="0.978"/>
  <testcase classname="com.ebfs.qa.testcases.google" name="characterSearch" time="1.096"/>
  <testcase classname="com.ebfs.qa.testcases.google" name="characterSearch" time="1.16"/>
  <testcase classname="com.ebfs.qa.testcases.google" name="characterSearch" time="0.997"/>
  <testcase classname="com.ebfs.qa.testcases.google" name="characterSearch" time="1.145"/>
  <testcase classname="com.ebfs.qa.testcases.google" name="characterSearch" time="1.114"/>
  <testcase classname="com.ebfs.qa.testcases.google" name="characterSearch" time="0.992"/>
  <testcase classname="com.ebfs.qa.testcases.google" name="characterSearch" time="1.107"/>
  <testcase classname="com.ebfs.qa.testcases.google" name="characterSearch" time="0.954"/>
  <testcase classname="com.ebfs.qa.testcases.google" name="characterSearch" time="1.135"/>
  <testcase classname="com.ebfs.qa.testcases.google" name="characterSearch" time="0.965"/>
  <testcase classname="com.ebfs.qa.testcases.google" name="userButtonOnlySearch" time="1.064"/>
  <testcase classname="com.ebfs.qa.testcases.google" name="userClickOnlySearch" time="1.104"/>
  <testcase classname="com.ebfs.qa.testcases.google" name="userIntSearch" time="1.045"/>
  <testcase classname="com.ebfs.qa.testcases.google" name="userIntSearch" time="1.134"/>
  <testcase classname="com.ebfs.qa.testcases.google" name="userIntSearch" time="1.082"/>
</testsuite> <!-- EBFS App Test Cases -->
